[L][2015-06-25 21:38] 来自 "::1" GET 请求 "/"
[L][2015-06-25 21:38] 来自 "::1" GET 请求 "/style/common.css"
[L][2015-06-25 21:38] 来自 "::1" GET 请求 "/__res__/nsp-client.js"
[L][2015-06-25 21:38] 来自 "::1" GET 请求 "/favicon.ico"
[L][2015-06-25 21:40] 来自 "::1" GET 请求 "/"
[L][2015-06-25 21:40] 来自 "::1" GET 请求 "/__res__/nsp-client.js"
[L][2015-06-25 21:40] 来自 "::1" GET 请求 "/style/common.css"
[L][2015-06-25 21:42] 来自 "::1" POST 请求 "/"
[L][2015-06-25 21:43] 来自 "::1" POST 请求 "/"
[L][2015-06-25 21:44] 来自 "::1" POST 请求 "/"
[L][2015-06-25 21:44] 来自 "::1" POST 请求 "/"
[L][2015-06-25 21:45] 来自 "::1" POST 请求 "/"
[L][2015-06-25 21:45] 来自 "::1" POST 请求 "/"
[L][2015-06-25 21:46] 来自 "::1" POST 请求 "/"
[L][2015-06-25 21:46] 来自 "::1" POST 请求 "/"
[L][2015-06-25 21:46] 来自 "::1" POST 请求 "/"
[L][2015-06-25 21:46] 来自 "::1" POST 请求 "/"
[L][2015-06-25 21:13] 来自 "::1" GET 请求 "/"
[L][2015-06-25 21:13] 来自 "::1" GET 请求 "/style/common.css"
[L][2015-06-25 21:13] 来自 "::1" GET 请求 "/__res__/nsp-client.js"
[L][2015-06-25 21:23] 来自 "::1" GET 请求 "/"
[L][2015-06-25 21:23] 来自 "::1" GET 请求 "/style/common.css"
[L][2015-06-25 21:23] 来自 "::1" GET 请求 "/__res__/nsp-client.js"
[L][2015-06-25 21:24] 来自 "::1" GET 请求 "/"
[L][2015-06-25 21:24] 来自 "::1" GET 请求 "/style/common.css"
[L][2015-06-25 21:24] 来自 "::1" GET 请求 "/__res__/nsp-client.js"
[L][2015-06-25 21:25] 来自 "::1" GET 请求 "/"
[L][2015-06-25 21:25] 来自 "::1" GET 请求 "/style/common.css"
[L][2015-06-25 21:25] 来自 "::1" GET 请求 "/__res__/nsp-client.js"
[L][2015-06-25 21:17] 来自 "::1" GET 请求 "/"
[L][2015-06-25 21:17] 来自 "::1" GET 请求 "/style/common.css"
[L][2015-06-25 21:17] 来自 "::1" GET 请求 "/__res__/nsp-client.js"
[L][2015-06-25 21:19] 来自 "::1" GET 请求 "/"
[L][2015-06-25 21:19] 来自 "::1" GET 请求 "/style/common.css"
[L][2015-06-25 21:19] 来自 "::1" GET 请求 "/__res__/nsp-client.js"
[L][2015-06-25 21:19] 来自 "::1" GET 请求 "/"
[L][2015-06-25 21:19] 来自 "::1" GET 请求 "/style/common.css"
[L][2015-06-25 21:19] 来自 "::1" GET 请求 "/__res__/nsp-client.js"
[L][2015-06-25 21:22] 来自 "::1" POST 请求 "/"
[L][2015-06-25 21:23] 来自 "::1" POST 请求 "/"
[L][2015-06-25 21:23] 来自 "::1" POST 请求 "/"
[L][2015-06-25 21:24] 来自 "::1" POST 请求 "/"
[L][2015-06-25 21:24] 来自 "::1" POST 请求 "/"
[L][2015-06-25 21:24] 来自 "::1" POST 请求 "/"
[L][2015-06-25 21:24] 来自 "::1" POST 请求 "/"
[L][2015-06-25 21:25] 来自 "::1" POST 请求 "/"
[L][2015-06-25 21:25] 来自 "::1" POST 请求 "/"
[L][2015-06-25 21:39] 来自 "::1" GET 请求 "/"
[L][2015-06-25 21:39] 来自 "::1" GET 请求 "/style/common.css"
[L][2015-06-25 21:39] 来自 "::1" GET 请求 "/__res__/nsp-client.js"
[L][2015-06-25 21:40] 来自 "::1" GET 请求 "/"
[L][2015-06-25 21:40] 来自 "::1" GET 请求 "/style/common.css"
[L][2015-06-25 21:40] 来自 "::1" GET 请求 "/__res__/nsp-client.js"
[L][2015-06-25 21:41] 来自 "::1" GET 请求 "/"
[L][2015-06-25 21:41] 来自 "::1" GET 请求 "/style/common.css"
[L][2015-06-25 21:41] 来自 "::1" GET 请求 "/__res__/nsp-client.js"
[L][2015-06-25 21:41] 来自 "::1" GET 请求 "/"
[L][2015-06-25 21:41] 来自 "::1" GET 请求 "/style/common.css"
[L][2015-06-25 21:41] 来自 "::1" GET 请求 "/__res__/nsp-client.js"
[L][2015-06-25 21:42] 来自 "::1" GET 请求 "/"
[L][2015-06-25 21:42] 来自 "::1" GET 请求 "/style/common.css"
[L][2015-06-25 21:42] 来自 "::1" GET 请求 "/__res__/nsp-client.js"
[L][2015-06-25 21:42] 来自 "::1" GET 请求 "/"
[L][2015-06-25 21:42] 来自 "::1" GET 请求 "/style/common.css"
[L][2015-06-25 21:42] 来自 "::1" GET 请求 "/__res__/nsp-client.js"
[L][2015-06-25 21:42] 来自 "::1" GET 请求 "/"
[L][2015-06-25 21:42] 来自 "::1" GET 请求 "/style/common.css"
[L][2015-06-25 21:42] 来自 "::1" GET 请求 "/__res__/nsp-client.js"
[L][2015-06-25 21:42] 来自 "::1" GET 请求 "/"
[L][2015-06-25 21:42] 来自 "::1" GET 请求 "/style/common.css"
[L][2015-06-25 21:42] 来自 "::1" GET 请求 "/__res__/nsp-client.js"
[L][2015-06-25 21:13] 来自 "::1" POST 请求 "/"
[L][2015-06-25 21:14] 来自 "::1" POST 请求 "/"
[L][2015-06-25 21:14] 来自 "::1" POST 请求 "/"
[L][2015-06-25 21:16] 来自 "::1" POST 请求 "/"
[L][2015-06-25 21:17] 来自 "::1" POST 请求 "/"
[L][2015-06-25 21:17] 来自 "::1" POST 请求 "/"
[L][2015-06-25 21:18] 来自 "::1" POST 请求 "/"
[L][2015-06-25 21:18] 来自 "::1" POST 请求 "/"
[L][2015-06-25 21:18] 来自 "::1" POST 请求 "/"
[L][2015-06-25 21:18] 来自 "::1" POST 请求 "/"
[L][2015-06-25 21:18] 来自 "::1" POST 请求 "/"
[L][2015-06-25 21:19] 来自 "::1" POST 请求 "/"
[L][2015-06-25 21:19] 来自 "::1" POST 请求 "/"
[L][2015-06-25 21:19] 来自 "::1" POST 请求 "/"
[L][2015-06-25 21:19] 来自 "::1" POST 请求 "/"
[L][2015-06-25 21:20] 来自 "::1" GET 请求 "/"
[L][2015-06-25 21:22] 来自 "::1" GET 请求 "/"
[L][2015-06-25 21:22] 来自 "::1" GET 请求 "/style/common.css"
[L][2015-06-25 21:22] 来自 "::1" GET 请求 "/__res__/nsp-client.js"
[L][2015-06-25 21:33] 来自 "::1" GET 请求 "/"
[L][2015-06-25 21:33] 来自 "::1" GET 请求 "/style/common.css"
[L][2015-06-25 21:33] 来自 "::1" GET 请求 "/__res__/nsp-client.js"
[L][2015-06-25 21:52] 来自 "::1" GET 请求 "/"
[L][2015-06-25 21:52] 来自 "::1" GET 请求 "/style/common.css"
[L][2015-06-25 21:52] 来自 "::1" GET 请求 "/__res__/nsp-client.js"
[L][2015-06-25 21:52] 来自 "::1" GET 请求 "/favicon.ico"
[L][2015-06-25 21:54] 来自 "::1" GET 请求 "/"
[L][2015-06-25 21:54] 来自 "::1" GET 请求 "/style/common.css"
[L][2015-06-25 21:54] 来自 "::1" GET 请求 "/__res__/nsp-client.js"
[L][2015-06-25 21:27] 来自 "::1" GET 请求 "/"
[L][2015-06-25 21:27] 来自 "::1" GET 请求 "/style/common.css"
[L][2015-06-25 21:27] 来自 "::1" GET 请求 "/__res__/nsp-client.js"
[L][2015-06-25 21:27] 来自 "::1" GET 请求 "/"
[L][2015-06-25 21:27] 来自 "::1" GET 请求 "/style/common.css"
[L][2015-06-25 21:27] 来自 "::1" GET 请求 "/__res__/nsp-client.js"
[L][2015-06-25 21:28] 来自 "::1" GET 请求 "/"
[L][2015-06-25 21:28] 来自 "::1" GET 请求 "/style/common.css"
[L][2015-06-25 21:28] 来自 "::1" GET 请求 "/__res__/nsp-client.js"
[L][2015-06-25 21:28] 来自 "::1" GET 请求 "/"
[L][2015-06-25 21:28] 来自 "::1" GET 请求 "/style/common.css"
[L][2015-06-25 21:28] 来自 "::1" GET 请求 "/__res__/nsp-client.js"
[L][2015-06-25 22:04] 来自 "::1" GET 请求 "/"
[L][2015-06-25 22:06] 来自 "::1" GET 请求 "/"
[L][2015-06-25 22:06] 来自 "::1" GET 请求 "/style/common.css"
[L][2015-06-25 22:06] 来自 "::1" GET 请求 "/__res__/nsp-client.js"
[L][2015-06-25 22:53] 来自 "::1" GET 请求 "/"
[L][2015-06-25 22:53] 来自 "::1" GET 请求 "/style/common.css"
[L][2015-06-25 22:53] 来自 "::1" GET 请求 "/__res__/nsp-client.js"
[L][2015-06-25 22:54] 来自 "::1" GET 请求 "/"
[L][2015-06-25 22:54] 来自 "::1" GET 请求 "/style/common.css"
[L][2015-06-25 22:54] 来自 "::1" GET 请求 "/__res__/nsp-client.js"
[L][2015-06-25 22:58] 来自 "::1" GET 请求 "/"
[L][2015-06-25 22:58] 来自 "::1" GET 请求 "/style/common.css"
[L][2015-06-25 22:58] 来自 "::1" GET 请求 "/__res__/nsp-client.js"
[L][2015-06-25 22:58] 来自 "::1" GET 请求 "/"
[L][2015-06-25 22:58] 来自 "::1" GET 请求 "/style/common.css"
[L][2015-06-25 22:58] 来自 "::1" GET 请求 "/__res__/nsp-client.js"
[L][2015-06-25 22:59] 来自 "::1" GET 请求 "/"
[L][2015-06-25 22:59] 来自 "::1" GET 请求 "/style/common.css"
[L][2015-06-25 22:59] 来自 "::1" GET 请求 "/__res__/nsp-client.js"
[L][2015-06-25 22:00] 来自 "::1" GET 请求 "/"
[L][2015-06-25 22:00] 来自 "::1" GET 请求 "/style/common.css"
[L][2015-06-25 22:00] 来自 "::1" GET 请求 "/__res__/nsp-client.js"
[L][2015-06-25 22:00] 来自 "::1" GET 请求 "/"
[L][2015-06-25 22:00] 来自 "::1" GET 请求 "/style/common.css"
[L][2015-06-25 22:00] 来自 "::1" GET 请求 "/__res__/nsp-client.js"
[L][2015-06-25 22:00] 来自 "::1" GET 请求 "/"
[L][2015-06-25 22:00] 来自 "::1" GET 请求 "/style/common.css"
[L][2015-06-25 22:00] 来自 "::1" GET 请求 "/__res__/nsp-client.js"
[L][2015-06-25 22:00] 来自 "::1" GET 请求 "/"
[L][2015-06-25 22:00] 来自 "::1" GET 请求 "/style/common.css"
[L][2015-06-25 22:00] 来自 "::1" GET 请求 "/__res__/nsp-client.js"
[L][2015-06-25 22:00] 来自 "::1" GET 请求 "/"
[L][2015-06-25 22:00] 来自 "::1" GET 请求 "/style/common.css"
[L][2015-06-25 22:00] 来自 "::1" GET 请求 "/__res__/nsp-client.js"
[L][2015-06-25 22:00] 来自 "::1" GET 请求 "/"
[L][2015-06-25 22:00] 来自 "::1" GET 请求 "/style/common.css"
[L][2015-06-25 22:00] 来自 "::1" GET 请求 "/__res__/nsp-client.js"
[L][2015-06-25 22:01] 来自 "::1" GET 请求 "/"
[L][2015-06-25 22:01] 来自 "::1" GET 请求 "/style/common.css"
[L][2015-06-25 22:01] 来自 "::1" GET 请求 "/__res__/nsp-client.js"
[L][2015-06-25 22:01] 来自 "::1" GET 请求 "/"
[L][2015-06-25 22:01] 来自 "::1" GET 请求 "/style/common.css"
[L][2015-06-25 22:01] 来自 "::1" GET 请求 "/__res__/nsp-client.js"
[L][2015-06-25 22:01] 来自 "::1" GET 请求 "/"
[L][2015-06-25 22:01] 来自 "::1" GET 请求 "/style/common.css"
[L][2015-06-25 22:01] 来自 "::1" GET 请求 "/__res__/nsp-client.js"
[L][2015-06-25 22:01] 来自 "::1" GET 请求 "/"
[L][2015-06-25 22:01] 来自 "::1" GET 请求 "/style/common.css"
[L][2015-06-25 22:01] 来自 "::1" GET 请求 "/__res__/nsp-client.js"
[L][2015-06-25 22:01] 来自 "::1" GET 请求 "/"
[L][2015-06-25 22:01] 来自 "::1" GET 请求 "/style/common.css"
[L][2015-06-25 22:01] 来自 "::1" GET 请求 "/__res__/nsp-client.js"
[L][2015-06-25 22:02] 来自 "::1" GET 请求 "/"
[L][2015-06-25 22:02] 来自 "::1" GET 请求 "/style/common.css"
[L][2015-06-25 22:02] 来自 "::1" GET 请求 "/__res__/nsp-client.js"
[L][2015-06-25 22:02] 来自 "::1" GET 请求 "/"
[L][2015-06-25 22:02] 来自 "::1" GET 请求 "/style/common.css"
[L][2015-06-25 22:02] 来自 "::1" GET 请求 "/__res__/nsp-client.js"
[L][2015-06-25 22:02] 来自 "::1" GET 请求 "/"
[L][2015-06-25 22:02] 来自 "::1" GET 请求 "/style/common.css"
[L][2015-06-25 22:02] 来自 "::1" GET 请求 "/__res__/nsp-client.js"
[L][2015-06-25 22:02] 来自 "::1" GET 请求 "/"
[L][2015-06-25 22:02] 来自 "::1" GET 请求 "/style/common.css"
[L][2015-06-25 22:02] 来自 "::1" GET 请求 "/__res__/nsp-client.js"
[L][2015-06-25 22:02] 来自 "::1" GET 请求 "/"
[L][2015-06-25 22:02] 来自 "::1" GET 请求 "/style/common.css"
[L][2015-06-25 22:02] 来自 "::1" GET 请求 "/__res__/nsp-client.js"
[L][2015-06-25 22:03] 来自 "::1" GET 请求 "/"
[L][2015-06-25 22:03] 来自 "::1" GET 请求 "/style/common.css"
[L][2015-06-25 22:03] 来自 "::1" GET 请求 "/__res__/nsp-client.js"
[L][2015-06-25 22:03] 来自 "::1" GET 请求 "/"
[L][2015-06-25 22:03] 来自 "::1" GET 请求 "/style/common.css"
[L][2015-06-25 22:03] 来自 "::1" GET 请求 "/__res__/nsp-client.js"
[L][2015-06-25 22:03] 来自 "::1" GET 请求 "/"
[L][2015-06-25 22:03] 来自 "::1" GET 请求 "/style/common.css"
[L][2015-06-25 22:03] 来自 "::1" GET 请求 "/__res__/nsp-client.js"
[L][2015-06-25 22:03] 来自 "::1" GET 请求 "/"
[L][2015-06-25 22:03] 来自 "::1" GET 请求 "/style/common.css"
[L][2015-06-25 22:03] 来自 "::1" GET 请求 "/__res__/nsp-client.js"
[L][2015-06-25 22:04] 来自 "::1" GET 请求 "/"
[L][2015-06-25 22:04] 来自 "::1" GET 请求 "/style/common.css"
[L][2015-06-25 22:04] 来自 "::1" GET 请求 "/__res__/nsp-client.js"
[L][2015-06-25 22:04] 来自 "::1" GET 请求 "/"
[L][2015-06-25 22:04] 来自 "::1" GET 请求 "/style/common.css"
[L][2015-06-25 22:04] 来自 "::1" GET 请求 "/__res__/nsp-client.js"
[L][2015-06-25 22:01] 来自 "::1" GET 请求 "/"
[L][2015-06-25 22:01] 来自 "::1" GET 请求 "/style/common.css"
[L][2015-06-25 22:01] 来自 "::1" GET 请求 "/__res__/nsp-client.js"
[L][2015-06-25 22:02] 来自 "::1" GET 请求 "/"
[L][2015-06-25 22:02] 来自 "::1" GET 请求 "/style/common.css"
[L][2015-06-25 22:02] 来自 "::1" GET 请求 "/__res__/nsp-client.js"
[L][2015-06-25 22:32] 来自 "::1" GET 请求 "/"
[L][2015-06-25 22:33] 来自 "::1" GET 请求 "/style/common.css"
[L][2015-06-25 22:33] 来自 "::1" GET 请求 "/__res__/nsp-client.js"
[L][2015-06-25 22:33] 来自 "::1" GET 请求 "/"
[L][2015-06-25 22:33] 来自 "::1" GET 请求 "/style/common.css"
[L][2015-06-25 22:33] 来自 "::1" GET 请求 "/__res__/nsp-client.js"
[L][2015-06-25 22:09] 来自 "::1" GET 请求 "/"
[L][2015-06-25 22:09] 来自 "::1" GET 请求 "/style/common.css"
[L][2015-06-25 22:09] 来自 "::1" GET 请求 "/__res__/nsp-client.js"
[L][2015-06-25 22:10] 来自 "::1" GET 请求 "/"
[L][2015-06-25 22:10] 来自 "::1" GET 请求 "/style/common.css"
[L][2015-06-25 22:10] 来自 "::1" GET 请求 "/__res__/nsp-client.js"
[L][2015-06-25 22:11] 来自 "::1" GET 请求 "/"
[L][2015-06-25 22:11] 来自 "::1" GET 请求 "/style/common.css"
[L][2015-06-25 22:11] 来自 "::1" GET 请求 "/__res__/nsp-client.js"
[L][2015-06-25 22:11] 来自 "::1" GET 请求 "/"
[L][2015-06-25 22:11] 来自 "::1" GET 请求 "/style/common.css"
[L][2015-06-25 22:11] 来自 "::1" GET 请求 "/__res__/nsp-client.js"
[L][2015-06-25 22:12] 来自 "::1" GET 请求 "/"
[L][2015-06-25 22:12] 来自 "::1" GET 请求 "/style/common.css"
[L][2015-06-25 22:12] 来自 "::1" GET 请求 "/__res__/nsp-client.js"
[L][2015-06-25 22:12] 来自 "::1" GET 请求 "/"
[L][2015-06-25 22:12] 来自 "::1" GET 请求 "/style/common.css"
[L][2015-06-25 22:12] 来自 "::1" GET 请求 "/__res__/nsp-client.js"
[L][2015-06-25 22:13] 来自 "::1" GET 请求 "/"
[L][2015-06-25 22:13] 来自 "::1" GET 请求 "/style/common.css"
[L][2015-06-25 22:13] 来自 "::1" GET 请求 "/__res__/nsp-client.js"
[L][2015-06-25 22:13] 来自 "::1" GET 请求 "/"
[L][2015-06-25 22:13] 来自 "::1" GET 请求 "/style/common.css"
[L][2015-06-25 22:13] 来自 "::1" GET 请求 "/__res__/nsp-client.js"
[L][2015-06-25 22:13] 来自 "::1" GET 请求 "/"
[L][2015-06-25 22:13] 来自 "::1" GET 请求 "/style/common.css"
[L][2015-06-25 22:13] 来自 "::1" GET 请求 "/__res__/nsp-client.js"
[L][2015-06-25 22:13] 来自 "::1" GET 请求 "/"
[L][2015-06-25 22:13] 来自 "::1" GET 请求 "/style/common.css"
[L][2015-06-25 22:13] 来自 "::1" GET 请求 "/__res__/nsp-client.js"
[L][2015-06-25 22:05] 来自 "::1" GET 请求 "/"
[L][2015-06-25 22:05] 来自 "::1" GET 请求 "/style/common.css"
[L][2015-06-25 22:05] 来自 "::1" GET 请求 "/__res__/nsp-client.js"
[L][2015-06-25 22:30] 来自 "::1" GET 请求 "/"
[L][2015-06-25 22:30] 来自 "::1" GET 请求 "/style/common.css"
[L][2015-06-25 22:30] 来自 "::1" GET 请求 "/__res__/nsp-client.js"
[L][2015-06-25 22:31] 来自 "::1" GET 请求 "/"
[L][2015-06-25 22:31] 来自 "::1" GET 请求 "/style/common.css"
[L][2015-06-25 22:31] 来自 "::1" GET 请求 "/__res__/nsp-client.js"
[L][2015-06-25 22:32] 来自 "::1" GET 请求 "/"
[L][2015-06-25 22:32] 来自 "::1" GET 请求 "/style/common.css"
[L][2015-06-25 22:32] 来自 "::1" GET 请求 "/__res__/nsp-client.js"
[L][2015-06-25 22:33] 来自 "::1" GET 请求 "/"
[L][2015-06-25 22:33] 来自 "::1" GET 请求 "/style/common.css"
[L][2015-06-25 22:33] 来自 "::1" GET 请求 "/__res__/nsp-client.js"
[L][2015-06-25 22:35] 来自 "::1" GET 请求 "/"
[L][2015-06-25 22:35] 来自 "::1" GET 请求 "/style/common.css"
[L][2015-06-25 22:35] 来自 "::1" GET 请求 "/__res__/nsp-client.js"
[L][2015-06-25 22:36] 来自 "::1" GET 请求 "/"
[L][2015-06-25 22:36] 来自 "::1" GET 请求 "/style/common.css"
[L][2015-06-25 22:36] 来自 "::1" GET 请求 "/__res__/nsp-client.js"
[L][2015-06-25 22:38] 来自 "::1" POST 请求 "/"
[L][2015-06-25 22:39] 来自 "::1" POST 请求 "/"
[L][2015-06-25 22:39] 来自 "::1" POST 请求 "/"
[L][2015-06-25 22:39] 来自 "::1" POST 请求 "/"
[L][2015-06-25 22:39] 来自 "::1" POST 请求 "/"
[L][2015-06-25 22:39] 来自 "::1" POST 请求 "/"
[L][2015-06-25 22:40] 来自 "::1" POST 请求 "/"
[L][2015-06-25 22:40] 来自 "::1" POST 请求 "/"
[L][2015-06-25 22:40] 来自 "::1" POST 请求 "/"
[L][2015-06-25 22:45] 来自 "::1" GET 请求 "/"
[L][2015-06-25 22:30] 来自 "::1" GET 请求 "/"
[L][2015-06-25 22:30] 来自 "::1" GET 请求 "/style/common.css"
[L][2015-06-25 22:30] 来自 "::1" GET 请求 "/__res__/nsp-client.js"
[L][2015-06-25 22:32] 来自 "::1" GET 请求 "/"
[L][2015-06-25 22:32] 来自 "::1" GET 请求 "/style/common.css"
[L][2015-06-25 22:32] 来自 "::1" GET 请求 "/__res__/nsp-client.js"
[L][2015-06-25 22:57] 来自 "::1" GET 请求 "/"
[L][2015-06-25 22:57] 来自 "::1" GET 请求 "/style/common.css"
[L][2015-06-25 22:57] 来自 "::1" GET 请求 "/__res__/nsp-client.js"
[L][2015-06-25 22:58] 来自 "::1" GET 请求 "/"
[L][2015-06-25 22:58] 来自 "::1" GET 请求 "/style/common.css"
[L][2015-06-25 22:58] 来自 "::1" GET 请求 "/__res__/nsp-client.js"
[L][2015-06-25 22:58] 来自 "::1" GET 请求 "/"
[L][2015-06-25 22:58] 来自 "::1" GET 请求 "/style/common.css"
[L][2015-06-25 22:58] 来自 "::1" GET 请求 "/__res__/nsp-client.js"
[L][2015-06-25 22:59] 来自 "::1" GET 请求 "/"
[L][2015-06-25 22:59] 来自 "::1" GET 请求 "/style/common.css"
[L][2015-06-25 22:59] 来自 "::1" GET 请求 "/__res__/nsp-client.js"
[L][2015-06-25 22:59] 来自 "::1" GET 请求 "/"
[L][2015-06-25 22:59] 来自 "::1" GET 请求 "/style/common.css"
[L][2015-06-25 22:59] 来自 "::1" GET 请求 "/__res__/nsp-client.js"
[L][2015-06-25 22:59] 来自 "::1" GET 请求 "/"
[L][2015-06-25 22:59] 来自 "::1" GET 请求 "/style/common.css"
[L][2015-06-25 22:59] 来自 "::1" GET 请求 "/__res__/nsp-client.js"
[L][2015-06-25 22:59] 来自 "::1" GET 请求 "/"
[L][2015-06-25 22:59] 来自 "::1" GET 请求 "/style/common.css"
[L][2015-06-25 22:59] 来自 "::1" GET 请求 "/__res__/nsp-client.js"
[L][2015-06-25 22:00] 来自 "::1" GET 请求 "/"
[L][2015-06-25 22:00] 来自 "::1" GET 请求 "/style/common.css"
[L][2015-06-25 22:00] 来自 "::1" GET 请求 "/__res__/nsp-client.js"
[L][2015-06-25 22:00] 来自 "::1" GET 请求 "/"
[L][2015-06-25 22:00] 来自 "::1" GET 请求 "/style/common.css"
[L][2015-06-25 22:00] 来自 "::1" GET 请求 "/__res__/nsp-client.js"
[L][2015-06-25 22:00] 来自 "::1" GET 请求 "/"
[L][2015-06-25 22:00] 来自 "::1" GET 请求 "/style/common.css"
[L][2015-06-25 22:00] 来自 "::1" GET 请求 "/__res__/nsp-client.js"
[L][2015-06-25 22:00] 来自 "::1" GET 请求 "/"
[L][2015-06-25 22:00] 来自 "::1" GET 请求 "/style/common.css"
[L][2015-06-25 22:00] 来自 "::1" GET 请求 "/__res__/nsp-client.js"
[L][2015-06-25 22:00] 来自 "::1" GET 请求 "/"
[L][2015-06-25 22:00] 来自 "::1" GET 请求 "/style/common.css"
[L][2015-06-25 22:00] 来自 "::1" GET 请求 "/__res__/nsp-client.js"
[L][2015-06-25 22:01] 来自 "::1" GET 请求 "/"
[L][2015-06-25 22:01] 来自 "::1" GET 请求 "/style/common.css"
[L][2015-06-25 22:01] 来自 "::1" GET 请求 "/__res__/nsp-client.js"
[L][2015-06-25 22:01] 来自 "::1" GET 请求 "/"
[L][2015-06-25 22:01] 来自 "::1" GET 请求 "/style/common.css"
[L][2015-06-25 22:01] 来自 "::1" GET 请求 "/__res__/nsp-client.js"
[L][2015-06-25 22:01] 来自 "::1" GET 请求 "/"
[L][2015-06-25 22:01] 来自 "::1" GET 请求 "/style/common.css"
[L][2015-06-25 22:01] 来自 "::1" GET 请求 "/__res__/nsp-client.js"
[L][2015-06-25 22:01] 来自 "::1" GET 请求 "/"
[L][2015-06-25 22:01] 来自 "::1" GET 请求 "/style/common.css"
[L][2015-06-25 22:01] 来自 "::1" GET 请求 "/__res__/nsp-client.js"
[L][2015-06-25 22:01] 来自 "::1" GET 请求 "/"
[L][2015-06-25 22:01] 来自 "::1" GET 请求 "/style/common.css"
[L][2015-06-25 22:01] 来自 "::1" GET 请求 "/__res__/nsp-client.js"
[L][2015-06-25 22:02] 来自 "::1" GET 请求 "/"
[L][2015-06-25 22:02] 来自 "::1" GET 请求 "/style/common.css"
[L][2015-06-25 22:02] 来自 "::1" GET 请求 "/__res__/nsp-client.js"
[L][2015-06-25 22:02] 来自 "::1" GET 请求 "/"
[L][2015-06-25 22:02] 来自 "::1" GET 请求 "/style/common.css"
[L][2015-06-25 22:02] 来自 "::1" GET 请求 "/__res__/nsp-client.js"
[L][2015-06-25 22:02] 来自 "::1" GET 请求 "/"
[L][2015-06-25 22:02] 来自 "::1" GET 请求 "/style/common.css"
[L][2015-06-25 22:02] 来自 "::1" GET 请求 "/__res__/nsp-client.js"
[L][2015-06-25 22:02] 来自 "::1" GET 请求 "/"
[L][2015-06-25 22:02] 来自 "::1" GET 请求 "/style/common.css"
[L][2015-06-25 22:02] 来自 "::1" GET 请求 "/__res__/nsp-client.js"
[L][2015-06-25 22:02] 来自 "::1" GET 请求 "/"
[L][2015-06-25 22:02] 来自 "::1" GET 请求 "/style/common.css"
[L][2015-06-25 22:02] 来自 "::1" GET 请求 "/__res__/nsp-client.js"
[L][2015-06-25 22:03] 来自 "::1" GET 请求 "/"
[L][2015-06-25 22:03] 来自 "::1" GET 请求 "/style/common.css"
[L][2015-06-25 22:03] 来自 "::1" GET 请求 "/__res__/nsp-client.js"
[L][2015-06-25 22:03] 来自 "::1" GET 请求 "/"
[L][2015-06-25 22:03] 来自 "::1" GET 请求 "/style/common.css"
[L][2015-06-25 22:03] 来自 "::1" GET 请求 "/__res__/nsp-client.js"
[L][2015-06-25 22:03] 来自 "::1" GET 请求 "/"
[L][2015-06-25 22:03] 来自 "::1" GET 请求 "/style/common.css"
[L][2015-06-25 22:03] 来自 "::1" GET 请求 "/__res__/nsp-client.js"
[L][2015-06-25 22:03] 来自 "::1" GET 请求 "/"
[L][2015-06-25 22:03] 来自 "::1" GET 请求 "/style/common.css"
[L][2015-06-25 22:03] 来自 "::1" GET 请求 "/__res__/nsp-client.js"
[L][2015-06-25 22:03] 来自 "::1" GET 请求 "/"
[L][2015-06-25 22:03] 来自 "::1" GET 请求 "/style/common.css"
[L][2015-06-25 22:03] 来自 "::1" GET 请求 "/__res__/nsp-client.js"
[L][2015-06-25 22:04] 来自 "::1" GET 请求 "/"
[L][2015-06-25 22:04] 来自 "::1" GET 请求 "/style/common.css"
[L][2015-06-25 22:04] 来自 "::1" GET 请求 "/__res__/nsp-client.js"
[L][2015-06-25 22:04] 来自 "::1" GET 请求 "/"
[L][2015-06-25 22:04] 来自 "::1" GET 请求 "/style/common.css"
[L][2015-06-25 22:04] 来自 "::1" GET 请求 "/__res__/nsp-client.js"
[L][2015-06-25 22:04] 来自 "::1" GET 请求 "/"
[L][2015-06-25 22:04] 来自 "::1" GET 请求 "/style/common.css"
[L][2015-06-25 22:04] 来自 "::1" GET 请求 "/__res__/nsp-client.js"
[L][2015-06-25 22:15] 来自 "::1" GET 请求 "/"
[L][2015-06-25 22:15] 来自 "::1" GET 请求 "/style/common.css"
[L][2015-06-25 22:15] 来自 "::1" GET 请求 "/__res__/nsp-client.js"
[L][2015-06-25 22:16] 来自 "::1" GET 请求 "/"
[L][2015-06-25 22:16] 来自 "::1" GET 请求 "/style/common.css"
[L][2015-06-25 22:16] 来自 "::1" GET 请求 "/__res__/nsp-client.js"
[L][2015-06-25 22:33] 来自 "::1" GET 请求 "/"
[L][2015-06-25 22:33] 来自 "::1" GET 请求 "/style/common.css"
[L][2015-06-25 22:33] 来自 "::1" GET 请求 "/__res__/nsp-client.js"
[L][2015-06-25 22:14] 来自 "::1" GET 请求 "/"
[L][2015-06-25 22:14] 来自 "::1" GET 请求 "/style/common.css"
[L][2015-06-25 22:14] 来自 "::1" GET 请求 "/__res__/nsp-client.js"
[L][2015-06-25 23:38] 来自 "::1" GET 请求 "/"
[L][2015-06-25 23:38] 来自 "::1" GET 请求 "/style/common.css"
[L][2015-06-25 23:38] 来自 "::1" GET 请求 "/__res__/nsp-client.js"
[L][2015-06-25 23:04] 来自 "::1" GET 请求 "/"
[L][2015-06-25 23:04] 来自 "::1" GET 请求 "/style/common.css"
[L][2015-06-25 23:04] 来自 "::1" GET 请求 "/__res__/nsp-client.js"
[L][2015-06-25 23:15] 来自 "::1" GET 请求 "/"
[L][2015-06-25 23:15] 来自 "::1" GET 请求 "/style/common.css"
[L][2015-06-25 23:15] 来自 "::1" GET 请求 "/__res__/nsp-client.js"
[L][2015-06-25 23:39] 来自 "::1" GET 请求 "/"
[L][2015-06-25 23:39] 来自 "::1" GET 请求 "/style/common.css"
[L][2015-06-25 23:39] 来自 "::1" GET 请求 "/__res__/nsp-client.js"
[L][2015-06-25 23:40] 来自 "::1" GET 请求 "/"
[L][2015-06-25 23:40] 来自 "::1" GET 请求 "/style/common.css"
[L][2015-06-25 23:40] 来自 "::1" GET 请求 "/__res__/nsp-client.js"
[L][2015-06-25 23:41] 来自 "::1" GET 请求 "/"
[L][2015-06-25 23:41] 来自 "::1" GET 请求 "/style/common.css"
[L][2015-06-25 23:41] 来自 "::1" GET 请求 "/__res__/nsp-client.js"
[L][2015-06-25 23:31] 来自 "::1" GET 请求 "/"
[L][2015-06-25 23:31] 来自 "::1" GET 请求 "/style/common.css"
[L][2015-06-25 23:31] 来自 "::1" GET 请求 "/__res__/nsp-client.js"
[L][2015-06-25 23:33] 来自 "::1" POST 请求 "/"
[L][2015-06-25 23:34] 来自 "::1" POST 请求 "/"
[L][2015-06-25 23:14] 来自 "::1" GET 请求 "/"
[L][2015-06-25 23:14] 来自 "::1" GET 请求 "/style/common.css"
[L][2015-06-25 23:14] 来自 "::1" GET 请求 "/__res__/nsp-client.js"
[L][2015-06-25 23:00] 来自 "::1" GET 请求 "/"
[L][2015-06-25 23:00] 来自 "::1" GET 请求 "/style/common.css"
[L][2015-06-25 23:00] 来自 "::1" GET 请求 "/__res__/nsp-client.js"
[L][2015-06-25 23:01] 来自 "::1" GET 请求 "/"
[L][2015-06-25 23:01] 来自 "::1" GET 请求 "/style/common.css"
[L][2015-06-25 23:01] 来自 "::1" GET 请求 "/__res__/nsp-client.js"
[L][2015-06-25 23:04] 来自 "::1" GET 请求 "/"
[L][2015-06-25 23:04] 来自 "::1" GET 请求 "/style/common.css"
[L][2015-06-25 23:04] 来自 "::1" GET 请求 "/__res__/nsp-client.js"
[L][2015-06-25 23:06] 来自 "::1" GET 请求 "/"
[L][2015-06-25 23:06] 来自 "::1" GET 请求 "/style/common.css"
[L][2015-06-25 23:06] 来自 "::1" GET 请求 "/__res__/nsp-client.js"
[L][2015-06-25 23:01] 来自 "::1" GET 请求 "/"
[L][2015-06-25 23:01] 来自 "::1" GET 请求 "/style/common.css"
[L][2015-06-25 23:01] 来自 "::1" GET 请求 "/__res__/nsp-client.js"
[L][2015-06-25 23:03] 来自 "::1" GET 请求 "/"
[L][2015-06-25 23:03] 来自 "::1" GET 请求 "/style/common.css"
[L][2015-06-25 23:03] 来自 "::1" GET 请求 "/__res__/nsp-client.js"
